<?xml version="1.0" encoding="UTF-8"?>
<testsuite name="islands.backend.GameModelTest$EfficiencyTests" tests="1" skipped="0" failures="0" errors="0" timestamp="2024-01-22T17:51:09" hostname="Omars-MacBook-Air.local" time="0.32">
  <properties/>
  <testcase name="superLargeTimeOutTest()" classname="islands.backend.GameModelTest$EfficiencyTests" time="0.32"/>
  <system-out><![CDATA[Total execution time: 266ms
]]></system-out>
  <system-err><![CDATA[]]></system-err>
</testsuite>
