<?xml version="1.0" encoding="UTF-8"?>
<testsuite name="islands.backend.GameModelTest$GameOverTests" tests="4" skipped="0" failures="0" errors="0" timestamp="2024-01-22T17:51:10" hostname="Omars-MacBook-Air.local" time="0.006">
  <properties/>
  <testcase name="White horizontal Line" classname="islands.backend.GameModelTest$GameOverTests" time="0.001"/>
  <testcase name="Black vertical line" classname="islands.backend.GameModelTest$GameOverTests" time="0.0"/>
  <testcase name="Black Horizontal line" classname="islands.backend.GameModelTest$GameOverTests" time="0.001"/>
  <testcase name="White vertical line" classname="islands.backend.GameModelTest$GameOverTests" time="0.001"/>
  <system-out><![CDATA[]]></system-out>
  <system-err><![CDATA[]]></system-err>
</testsuite>
